TN:
SF:/Users/wingrunr21/Projects/vscode-ruby/client/src/util/env.ts
FN:13,isWindows
FN:17,getTemplate
FN:28,mkShim
FN:43,getShim
FN:57,processExportLine
FN:99,loadEnv
FNF:6
FNH:0
FNDA:0,isWindows
FNDA:0,getTemplate
FNDA:0,mkShim
FNDA:0,getShim
FNDA:0,processExportLine
FNDA:0,loadEnv
DA:6,0
DA:7,0
DA:9,0
DA:10,0
DA:14,0
DA:19,0
DA:20,0
DA:22,0
DA:25,0
DA:29,0
DA:30,0
DA:32,0
DA:33,0
DA:34,0
DA:35,0
DA:37,0
DA:40,0
DA:44,0
DA:45,0
DA:46,0
DA:47,0
DA:50,0
DA:58,0
DA:60,0
DA:61,0
DA:62,0
DA:65,0
DA:68,0
DA:69,0
DA:70,0
DA:74,0
DA:76,0
DA:79,0
DA:82,0
DA:100,0
DA:101,0
DA:102,0
DA:106,0
DA:108,0
DA:109,0
DA:110,0
DA:111,0
DA:112,0
DA:116,0
LF:44
LH:0
BRDA:7,0,0,0
BRDA:7,0,1,0
BRDA:9,1,0,0
BRDA:9,1,1,0
BRDA:19,2,0,0
BRDA:19,2,1,0
BRDA:46,3,0,0
BRDA:46,3,1,0
BRDA:61,4,0,0
BRDA:61,4,1,0
BRDA:65,5,0,0
BRDA:65,5,1,0
BRDA:68,6,0,0
BRDA:68,6,1,0
BRDA:69,7,0,0
BRDA:69,7,1,0
BRDA:69,8,0,0
BRDA:69,8,1,0
BRDA:69,8,2,0
BRDA:111,9,0,0
BRDA:111,9,1,0
BRF:21
BRH:0
end_of_record
